ll_ia32.asm(15) : Error A2106: Cannot open file: "OSK/LL/hmadef.inc" [ENOENT]
ll_ia32.asm(17) : Error A2210: Syntax error: model
ll_ia32.asm(81) : Error A2084: Colon is expected
ll_ia32.asm(92) : Error A2210: Syntax error: .
ll_ia32.asm(93) : Error A2082: Must be in segment block
ll_ia32.asm(94) : Error A2210: Syntax error: RESB
ll_ia32.asm(96) : Error A2082: Must be in segment block
ll_ia32.asm(97) : Error A2210: Syntax error: RESB
ll_ia32.asm(101) : Error A2082: Must be in segment block
ll_ia32.asm(102) : Error A2082: Must be in segment block
ll_ia32.asm(103) : Error A2210: Syntax error: .
ll_ia32.asm(104) : Error A2082: Must be in segment block
ll_ia32.asm(105) : Error A2210: Syntax error: .
ll_ia32.asm(106) : Error A2082: Must be in segment block
ll_ia32.asm(107) : Error A2082: Must be in segment block
ll_ia32.asm(108) : Error A2082: Must be in segment block
ll_ia32.asm(109) : Error A2082: Must be in segment block
ll_ia32.asm(110) : Error A2082: Must be in segment block
ll_ia32.asm(111) : Error A2082: Must be in segment block
ll_ia32.asm(112) : Error A2210: Syntax error: .
ll_ia32.asm(113) : Error A2082: Must be in segment block
ll_ia32.asm(114) : Error A2082: Must be in segment block
ll_ia32.asm(115) : Error A2082: Must be in segment block
ll_ia32.asm(116) : Error A2082: Must be in segment block
ll_ia32.asm(117) : Error A2082: Must be in segment block
ll_ia32.asm(118) : Error A2210: Syntax error: .
ll_ia32.asm(119) : Error A2082: Must be in segment block
ll_ia32.asm(120) : Error A2082: Must be in segment block
ll_ia32.asm(121) : Error A2082: Must be in segment block
ll_ia32.asm(122) : Error A2082: Must be in segment block
ll_ia32.asm(123) : Error A2082: Must be in segment block
ll_ia32.asm(124) : Error A2210: Syntax error: .
ll_ia32.asm(125) : Error A2082: Must be in segment block
ll_ia32.asm(126) : Error A2082: Must be in segment block
ll_ia32.asm(127) : Error A2082: Must be in segment block
ll_ia32.asm(128) : Error A2082: Must be in segment block
ll_ia32.asm(129) : Error A2082: Must be in segment block
ll_ia32.asm(130) : Error A2210: Syntax error: .
ll_ia32.asm(131) : Error A2082: Must be in segment block
ll_ia32.asm(132) : Error A2082: Must be in segment block
ll_ia32.asm(133) : Error A2082: Must be in segment block
ll_ia32.asm(134) : Error A2082: Must be in segment block
ll_ia32.asm(135) : Error A2082: Must be in segment block
ll_ia32.asm(136) : Error A2210: Syntax error: .
ll_ia32.asm(137) : Error A2082: Must be in segment block
ll_ia32.asm(138) : Error A2082: Must be in segment block
ll_ia32.asm(139) : Error A2082: Must be in segment block
ll_ia32.asm(140) : Error A2082: Must be in segment block
ll_ia32.asm(141) : Error A2210: Syntax error: .
ll_ia32.asm(142) : Error A2082: Must be in segment block
ll_ia32.asm(143) : Error A2082: Must be in segment block
ll_ia32.asm(143) : Fatal error A1113: Too many errors
