s_int.asm(41) : Error A2106: Cannot open file: "OSK/LL/hmadef.inc" [ENOENT]
s_int.asm(45) : Error A2210: Syntax error: global
s_int.asm(46) : Error A2210: Syntax error: global
s_int.asm(47) : Error A2210: Syntax error: global
s_int.asm(48) : Error A2210: Syntax error: global
s_int.asm(49) : Error A2210: Syntax error: global
s_int.asm(50) : Error A2210: Syntax error: global
s_int.asm(52) : Error A2210: Syntax error: global
s_int.asm(53) : Error A2210: Syntax error: global
s_int.asm(54) : Error A2210: Syntax error: global
s_int.asm(56) : Error A2210: Syntax error: global
s_int.asm(57) : Error A2084: Colon is expected
s_int.asm(60) : Error A2210: Syntax error: macro
s_int.asm(64) : Error A2049: Invalid instruction operands
s_int.asm(65) : Error A2049: Invalid instruction operands
s_int.asm(67) : Error A2049: Invalid instruction operands
s_int.asm(68) : Error A2049: Invalid instruction operands
s_int.asm(69) : Error A2049: Invalid instruction operands
s_int.asm(71) : Error A2049: Invalid instruction operands
s_int.asm(72) : Error A2049: Invalid instruction operands
s_int.asm(73) : Error A2049: Invalid instruction operands
s_int.asm(74) : Error A2049: Invalid instruction operands
s_int.asm(76) : Error A2210: Syntax error: endmacro
s_int.asm(78) : Error A2210: Syntax error: macro
s_int.asm(80) : Error A2049: Invalid instruction operands
s_int.asm(81) : Error A2049: Invalid instruction operands
s_int.asm(82) : Error A2049: Invalid instruction operands
s_int.asm(83) : Error A2049: Invalid instruction operands
s_int.asm(85) : Error A2049: Invalid instruction operands
s_int.asm(86) : Error A2049: Invalid instruction operands
s_int.asm(87) : Error A2049: Invalid instruction operands
s_int.asm(89) : Error A2049: Invalid instruction operands
s_int.asm(90) : Error A2049: Invalid instruction operands
s_int.asm(94) : Error A2210: Syntax error: endmacro
s_int.asm(95) : Error A2210: Syntax error: global
s_int.asm(108) : Error A2266: Syntax error in expression
s_int.asm(116) : Error A2266: Syntax error in expression
s_int.asm(121) : Error A2266: Syntax error in expression
s_int.asm(126) : Error A2266: Syntax error in expression
s_int.asm(131) : Error A2266: Syntax error in expression
s_int.asm(136) : Error A2266: Syntax error in expression
s_int.asm(147) : Error A2266: Syntax error in expression
s_int.asm(158) : Error A2210: Syntax error: Save
s_int.asm(163) : Error A2049: Invalid instruction operands
s_int.asm(168) : Error A2210: Syntax error: Restore
s_int.asm(171) : Error A2210: Syntax error: DD
s_int.asm(175) : Error A2266: Syntax error in expression
s_int.asm(180) : Error A2266: Syntax error in expression
s_int.asm(185) : Error A2210: Syntax error: Save
s_int.asm(201) : Error A2210: Syntax error: .
s_int.asm(214) : Error A2266: Syntax error in expression
s_int.asm(214) : Fatal error A1113: Too many errors
